# JRE version: Java(TM) SE Runtime Environment (8.0_91-b14) (build 1.8.0_91-b14)
# Java VM: Java HotSpot(TM) 64-Bit Server VM (25.91-b14 mixed mode bsd-amd64 compressed oops)
Heap:
 PSYoungGen      total 20480K, used 1054K [0x00000007aab00000, 0x00000007ac380000, 0x00000007c0000000)
  eden space 15872K, 5% used [0x00000007aab00000,0x00000007aabdfa20,0x00000007aba80000)
  from space 4608K, 3% used [0x00000007abf00000,0x00000007abf28000,0x00000007ac380000)
  to   space 4608K, 0% used [0x00000007aba80000,0x00000007aba80000,0x00000007abf00000)
 ParOldGen       total 44032K, used 7907K [0x0000000780000000, 0x0000000782b00000, 0x00000007aab00000)
  object space 44032K, 17% used [0x0000000780000000,0x00000007807b8f38,0x0000000782b00000)
 Metaspace       used 18648K, capacity 19396K, committed 19456K, reserved 1067008K
  class space    used 2586K, capacity 2788K, committed 2816K, reserved 1048576K
GC Heap History (10 events):
Event: 24.828 GC heap before
{Heap before GC invocations=16 (full 0):
 PSYoungGen      total 21504K, used 15936K [0x00000007aab00000, 0x00000007ac580000, 0x00000007c0000000)
  eden space 15872K, 100% used [0x00000007aab00000,0x00000007aba80000,0x00000007aba80000)
  from space 5632K, 1% used [0x00000007aba80000,0x00000007aba90000,0x00000007ac000000)
  to   space 5632K, 0% used [0x00000007ac000000,0x00000007ac000000,0x00000007ac580000)
 ParOldGen       total 44032K, used 7715K [0x0000000780000000, 0x0000000782b00000, 0x00000007aab00000)
  object space 44032K, 17% used [0x0000000780000000,0x0000000780788f38,0x0000000782b00000)
 Metaspace       used 18524K, capacity 19250K, committed 19456K, reserved 1067008K
  class space    used 2584K, capacity 2787K, committed 2816K, reserved 1048576K
Event: 24.829 GC heap after
Heap after GC invocations=16 (full 0):
 PSYoungGen      total 21504K, used 96K [0x00000007aab00000, 0x00000007ac580000, 0x00000007c0000000)
  eden space 15872K, 0% used [0x00000007aab00000,0x00000007aab00000,0x00000007aba80000)
  from space 5632K, 1% used [0x00000007ac000000,0x00000007ac018000,0x00000007ac580000)
  to   space 5632K, 0% used [0x00000007aba80000,0x00000007aba80000,0x00000007ac000000)
 ParOldGen       total 44032K, used 7731K [0x0000000780000000, 0x0000000782b00000, 0x00000007aab00000)
  object space 44032K, 17% used [0x0000000780000000,0x000000078078cf38,0x0000000782b00000)
 Metaspace       used 18524K, capacity 19250K, committed 19456K, reserved 1067008K
  class space    used 2584K, capacity 2787K, committed 2816K, reserved 1048576K
}
Event: 26.125 GC heap before
{Heap before GC invocations=17 (full 0):
 PSYoungGen      total 21504K, used 15968K [0x00000007aab00000, 0x00000007ac580000, 0x00000007c0000000)
  eden space 15872K, 100% used [0x00000007aab00000,0x00000007aba80000,0x00000007aba80000)
  from space 5632K, 1% used [0x00000007ac000000,0x00000007ac018000,0x00000007ac580000)
  to   space 5632K, 0% used [0x00000007aba80000,0x00000007aba80000,0x00000007ac000000)
 ParOldGen       total 44032K, used 7731K [0x0000000780000000, 0x0000000782b00000, 0x00000007aab00000)
  object space 44032K, 17% used [0x0000000780000000,0x000000078078cf38,0x0000000782b00000)
 Metaspace       used 18541K, capacity 19262K, committed 19456K, reserved 1067008K
  class space    used 2584K, capacity 2787K, committed 2816K, reserved 1048576K
Event: 26.125 GC heap after
Heap after GC invocations=17 (full 0):
 PSYoungGen      total 16384K, used 160K [0x00000007aab00000, 0x00000007ac480000, 0x00000007c0000000)
  eden space 15872K, 0% used [0x00000007aab00000,0x00000007aab00000,0x00000007aba80000)
  from space 512K, 31% used [0x00000007aba80000,0x00000007abaa8000,0x00000007abb00000)
  to   space 5120K, 0% used [0x00000007abf80000,0x00000007abf80000,0x00000007ac480000)
 ParOldGen       total 44032K, used 7739K [0x0000000780000000, 0x0000000782b00000, 0x00000007aab00000)
  object space 44032K, 17% used [0x0000000780000000,0x000000078078ef38,0x0000000782b00000)
 Metaspace       used 18541K, capacity 19262K, committed 19456K, reserved 1067008K
  class space    used 2584K, capacity 2787K, committed 2816K, reserved 1048576K
}
Event: 26.790 GC heap before
{Heap before GC invocations=18 (full 0):
 PSYoungGen      total 16384K, used 16032K [0x00000007aab00000, 0x00000007ac480000, 0x00000007c0000000)
  eden space 15872K, 100% used [0x00000007aab00000,0x00000007aba80000,0x00000007aba80000)
  from space 512K, 31% used [0x00000007aba80000,0x00000007abaa8000,0x00000007abb00000)
  to   space 5120K, 0% used [0x00000007abf80000,0x00000007abf80000,0x00000007ac480000)
 ParOldGen       total 44032K, used 7739K [0x0000000780000000, 0x0000000782b00000, 0x00000007aab00000)
  object space 44032K, 17% used [0x0000000780000000,0x000000078078ef38,0x0000000782b00000)
 Metaspace       used 18573K, capacity 19326K, committed 19456K, reserved 1067008K
  class space    used 2584K, capacity 2787K, committed 2816K, reserved 1048576K
Event: 26.792 GC heap after
Heap after GC invocations=18 (full 0):
 PSYoungGen      total 20992K, used 160K [0x00000007aab00000, 0x00000007ac480000, 0x00000007c0000000)
  eden space 15872K, 0% used [0x00000007aab00000,0x00000007aab00000,0x00000007aba80000)
  from space 5120K, 3% used [0x00000007abf80000,0x00000007abfa8000,0x00000007ac480000)
  to   space 5120K, 0% used [0x00000007aba80000,0x00000007aba80000,0x00000007abf80000)
 ParOldGen       total 44032K, used 7771K [0x0000000780000000, 0x0000000782b00000, 0x00000007aab00000)
  object space 44032K, 17% used [0x0000000780000000,0x0000000780796f38,0x0000000782b00000)
 Metaspace       used 18573K, capacity 19326K, committed 19456K, reserved 1067008K
  class space    used 2584K, capacity 2787K, committed 2816K, reserved 1048576K
}
Event: 27.273 GC heap before
{Heap before GC invocations=19 (full 0):
 PSYoungGen      total 20992K, used 16032K [0x00000007aab00000, 0x00000007ac480000, 0x00000007c0000000)
  eden space 15872K, 100% used [0x00000007aab00000,0x00000007aba80000,0x00000007aba80000)
  from space 5120K, 3% used [0x00000007abf80000,0x00000007abfa8000,0x00000007ac480000)
  to   space 5120K, 0% used [0x00000007aba80000,0x00000007aba80000,0x00000007abf80000)
 ParOldGen       total 44032K, used 7771K [0x0000000780000000, 0x0000000782b00000, 0x00000007aab00000)
  object space 44032K, 17% used [0x0000000780000000,0x0000000780796f38,0x0000000782b00000)
 Metaspace       used 18616K, capacity 19390K, committed 19456K, reserved 1067008K
  class space    used 2586K, capacity 2787K, committed 2816K, reserved 1048576K
Event: 27.274 GC heap after
Heap after GC invocations=19 (full 0):
 PSYoungGen      total 16384K, used 192K [0x00000007aab00000, 0x00000007ac380000, 0x00000007c0000000)
  eden space 15872K, 0% used [0x00000007aab00000,0x00000007aab00000,0x00000007aba80000)
  from space 512K, 37% used [0x00000007aba80000,0x00000007abab0000,0x00000007abb00000)
  to   space 4608K, 0% used [0x00000007abf00000,0x00000007abf00000,0x00000007ac380000)
 ParOldGen       total 44032K, used 7843K [0x0000000780000000, 0x0000000782b00000, 0x00000007aab00000)
  object space 44032K, 17% used [0x0000000780000000,0x00000007807a8f38,0x0000000782b00000)
 Metaspace       used 18616K, capacity 19390K, committed 19456K, reserved 1067008K
  class space    used 2586K, capacity 2787K, committed 2816K, reserved 1048576K
}
Event: 28.082 GC heap before
{Heap before GC invocations=20 (full 0):
 PSYoungGen      total 16384K, used 16064K [0x00000007aab00000, 0x00000007ac380000, 0x00000007c0000000)
  eden space 15872K, 100% used [0x00000007aab00000,0x00000007aba80000,0x00000007aba80000)
  from space 512K, 37% used [0x00000007aba80000,0x00000007abab0000,0x00000007abb00000)
  to   space 4608K, 0% used [0x00000007abf00000,0x00000007abf00000,0x00000007ac380000)
 ParOldGen       total 44032K, used 7843K [0x0000000780000000, 0x0000000782b00000, 0x00000007aab00000)
  object space 44032K, 17% used [0x0000000780000000,0x00000007807a8f38,0x0000000782b00000)
 Metaspace       used 18648K, capacity 19396K, committed 19456K, reserved 1067008K
  class space    used 2586K, capacity 2788K, committed 2816K, reserved 1048576K
Event: 28.083 GC heap after
Heap after GC invocations=20 (full 0):
 PSYoungGen      total 20480K, used 160K [0x00000007aab00000, 0x00000007ac380000, 0x00000007c0000000)
  eden space 15872K, 0% used [0x00000007aab00000,0x00000007aab00000,0x00000007aba80000)
  from space 4608K, 3% used [0x00000007abf00000,0x00000007abf28000,0x00000007ac380000)
  to   space 4608K, 0% used [0x00000007aba80000,0x00000007aba80000,0x00000007abf00000)
 ParOldGen       total 44032K, used 7907K [0x0000000780000000, 0x0000000782b00000, 0x00000007aab00000)
  object space 44032K, 17% used [0x0000000780000000,0x00000007807b8f38,0x0000000782b00000)
 Metaspace       used 18648K, capacity 19396K, committed 19456K, reserved 1067008K
  class space    used 2586K, capacity 2788K, committed 2816K, reserved 1048576K
}

